<?xml version="1.0" encoding="UTF-8"?>
<testng-results ignored="0" total="1" passed="1" failed="0" skipped="0">
  <reporter-output>
  </reporter-output>
  <suite started-at="2022-05-17T00:39:17 IST" name="Default suite" finished-at="2022-05-17T00:39:34 IST" duration-ms="16660">
    <groups>
    </groups>
    <test started-at="2022-05-17T00:39:17 IST" name="Default test" finished-at="2022-05-17T00:39:34 IST" duration-ms="16660">
      <class name="NewTest">
        <test-method is-config="true" signature="beforeMethod()[pri:0, instance:NewTest@4fb61f4a]" started-at="2022-05-17T00:39:17 IST" name="beforeMethod" finished-at="2022-05-17T00:39:30 IST" duration-ms="13417" status="PASS">
          <reporter-output>
          </reporter-output>
        </test-method> <!-- beforeMethod -->
        <test-method signature="testCase1()[pri:0, instance:NewTest@4fb61f4a]" started-at="2022-05-17T00:39:30 IST" name="testCase1" finished-at="2022-05-17T00:39:33 IST" duration-ms="2653" status="PASS">
          <reporter-output>
          </reporter-output>
        </test-method> <!-- testCase1 -->
        <test-method is-config="true" signature="afterMethod()[pri:0, instance:NewTest@4fb61f4a]" started-at="2022-05-17T00:39:33 IST" name="afterMethod" finished-at="2022-05-17T00:39:34 IST" duration-ms="483" status="PASS">
          <reporter-output>
          </reporter-output>
        </test-method> <!-- afterMethod -->
      </class> <!-- NewTest -->
    </test> <!-- Default test -->
  </suite> <!-- Default suite -->
</testng-results>
