<?xml version="1.0" encoding="UTF-8"?>
<testng-results ignored="0" total="1" passed="1" failed="0" skipped="0">
  <reporter-output>
  </reporter-output>
  <suite started-at="2022-05-17T01:18:10 IST" name="Default suite" finished-at="2022-05-17T01:19:04 IST" duration-ms="53542">
    <groups>
    </groups>
    <test started-at="2022-05-17T01:18:10 IST" name="Default test" finished-at="2022-05-17T01:19:04 IST" duration-ms="53542">
      <class name="TestCases.NewTest">
        <test-method is-config="true" signature="beforeMethod()[pri:0, instance:TestCases.NewTest@6b927fb]" started-at="2022-05-17T01:18:10 IST" name="beforeMethod" finished-at="2022-05-17T01:18:54 IST" duration-ms="43680" status="PASS">
          <reporter-output>
          </reporter-output>
        </test-method> <!-- beforeMethod -->
        <test-method signature="testCase1()[pri:0, instance:TestCases.NewTest@6b927fb]" started-at="2022-05-17T01:18:54 IST" name="testCase1" finished-at="2022-05-17T01:19:03 IST" duration-ms="8855" status="PASS">
          <reporter-output>
          </reporter-output>
        </test-method> <!-- testCase1 -->
        <test-method is-config="true" signature="afterMethod()[pri:0, instance:TestCases.NewTest@6b927fb]" started-at="2022-05-17T01:19:03 IST" name="afterMethod" finished-at="2022-05-17T01:19:04 IST" duration-ms="656" status="PASS">
          <reporter-output>
          </reporter-output>
        </test-method> <!-- afterMethod -->
      </class> <!-- TestCases.NewTest -->
    </test> <!-- Default test -->
  </suite> <!-- Default suite -->
</testng-results>
